<?xml version="1.0" encoding="utf-8" standalone="no"?>
<!--This file represents the results of running a test suite-->
<test-results name="C:\Users\henrique\Documents\GitHub\SistemaBancario\Fontes\Infnet.EngSoftSistBancario.nunit" total="7" errors="0" failures="1" not-run="0" inconclusive="0" ignored="0" skipped="0" invalid="0" date="2012-11-21" time="00:25:20">
  <environment nunit-version="2.6.2.12296" clr-version="2.0.50727.5466" os-version="Microsoft Windows NT 6.1.7601 Service Pack 1" platform="Win32NT" cwd="C:\Program Files (x86)\NUnit 2.6.2\bin" machine-name="PERSONALLAPWIN7" user="henrique" user-domain="PersonalLapWin7" />
  <culture-info current-culture="pt-BR" current-uiculture="pt-BR" />
  <test-suite type="Project" name="C:\Users\henrique\Documents\GitHub\SistemaBancario\Fontes\Infnet.EngSoftSistBancario.nunit" executed="True" result="Failure" success="False" time="0.265" asserts="0">
    <results>
      <test-suite type="Assembly" name="C:\Users\henrique\Documents\GitHub\SistemaBancario\Fontes\Infnet.EngSoftSistBancario.Testes\bin\Debug\Infnet.EngSoftSistBancario.Testes.dll" executed="True" result="Failure" success="False" time="0.250" asserts="0">
        <results>
          <test-suite type="Namespace" name="Infnet" executed="True" result="Failure" success="False" time="0.250" asserts="0">
            <results>
              <test-suite type="Namespace" name="EngSoftSistBancario" executed="True" result="Failure" success="False" time="0.250" asserts="0">
                <results>
                  <test-suite type="Namespace" name="Testes" executed="True" result="Failure" success="False" time="0.250" asserts="0">
                    <results>
                      <test-suite type="TestFixture" name="RepositorioClienteTest" executed="True" result="Failure" success="False" time="0.250" asserts="0">
                        <results>
                          <test-case name="Infnet.EngSoftSistBancario.Testes.RepositorioClienteTest.AtivarCliente" executed="True" result="Success" success="True" time="0.062" asserts="2" />
                          <test-case name="Infnet.EngSoftSistBancario.Testes.RepositorioClienteTest.DesativarCliente" executed="True" result="Success" success="True" time="0.016" asserts="2" />
                          <test-case name="Infnet.EngSoftSistBancario.Testes.RepositorioClienteTest.IncluirClientePessoaJuridica" executed="True" result="Success" success="True" time="0.000" asserts="1" />
                          <test-case name="Infnet.EngSoftSistBancario.Testes.RepositorioClienteTest.InclusaoClientePessoaFisica" executed="True" result="Success" success="True" time="0.000" asserts="1" />
                          <test-case name="Infnet.EngSoftSistBancario.Testes.RepositorioClienteTest.ListarClienteAtivos" executed="True" result="Success" success="True" time="0.016" asserts="2" />
                          <test-case name="Infnet.EngSoftSistBancario.Testes.RepositorioClienteTest.ListarClientePotencial" executed="True" result="Failure" success="False" time="0.016" asserts="1">
                            <failure>
                              <message><![CDATA[  Expected: 2
  But was:  1
]]></message>
                              <stack-trace><![CDATA[at Infnet.EngSoftSistBancario.Testes.RepositorioClienteTest.ListarClientePotencial() in C:\Users\henrique\Documents\GitHub\SistemaBancario\Fontes\Infnet.EngSoftSistBancario.Testes\Repositorios\RepositorioClienteTest.cs:line 162
]]></stack-trace>
                            </failure>
                          </test-case>
                          <test-case name="Infnet.EngSoftSistBancario.Testes.RepositorioClienteTest.TestarInstanciaUnica" executed="True" result="Success" success="True" time="0.000" asserts="1" />
                        </results>
                      </test-suite>
                    </results>
                  </test-suite>
                </results>
              </test-suite>
            </results>
          </test-suite>
        </results>
      </test-suite>
    </results>
  </test-suite>
</test-results>